2024.11.22 10:47:38: Added Thomas Anderson Teacher
2024.11.22 10:47:38: Added Han Solo Teacher
2024.11.22 10:47:38: Added Princess Leia Teacher
2024.11.22 10:47:38: Added Severus Snape Teacher
2024.11.22 10:47:38: Added Dolores Umbridge Teacher
2024.11.22 10:47:38: Added Peter Pan Student to class class 1A, profile humane
2024.11.22 10:47:38: Added Anna Shirley Student to class class 1A, profile humane
2024.11.22 10:47:38: Added Harry Potter Student to class class 1A, profile humane
2024.11.22 10:47:38: Added Ron Weasley Student to class class 1A, profile humane
2024.11.22 10:47:38: Added term of subject Math on MONDAY at 10:30, 45 min to subject Math
2024.11.22 10:47:38: Added term of subject Math on THURSDAY at 12:50, 45 min to subject Math
2024.11.22 10:47:38: Added subject Math to class 1A, profile humane
2024.11.22 10:47:38: Added term of subject English on MONDAY at 12:00, 45 min to subject English
2024.11.22 10:47:38: Added term of subject English on TUESDAY at 11:00, 45 min to subject English
2024.11.22 10:47:38: Added term of subject English on WEDNESDAY at 10:30, 45 min to subject English
2024.11.22 10:47:38: Added term of subject English on THURSDAY at 11:00, 45 min to subject English
2024.11.22 10:47:38: Added subject English to class 1A, profile humane
2024.11.22 10:47:38: Added term of subject Computer Science on TUESDAY at 09:00, 45 min to subject Computer Science
2024.11.22 10:47:38: Added subject Computer Science to class 1A, profile humane
2024.11.22 10:47:38: Added term of subject Chemistry on WEDNESDAY at 11:30, 45 min to subject Chemistry
2024.11.22 10:47:38: Added subject Chemistry to class 1A, profile humane
2024.11.22 10:47:38: Added term of subject Potions on FRIDAY at 09:00, 90 min to subject Potions
2024.11.22 10:47:38: Added subject Potions to class 1A, profile humane
2024.11.22 10:47:38: Added term of subject Black Magic Defense on FRIDAY at 12:30, 90 min to subject Black Magic Defense
2024.11.22 10:47:38: Added subject Black Magic Defense to class 1A, profile humane
2024.11.22 10:47:38: Added class 1A, profile humane
